{
  "stats": {
    "suites": 1,
    "tests": 1,
    "passes": 0,
    "pending": 0,
    "failures": 1,
    "start": "2024-02-28T08:51:57.365Z",
    "end": "2024-02-28T08:52:30.077Z",
    "duration": 32712,
    "testsRegistered": 1,
    "passPercent": 0,
    "pendingPercent": 0,
    "other": 0,
    "hasOther": false,
    "skipped": 0,
    "hasSkipped": false
  },
  "results": [
    {
      "uuid": "c3a0b947-054f-4d35-8404-818859a02e7b",
      "title": "",
      "fullFile": "cypress/e2e/Test/default.cy.ts",
      "file": "cypress/e2e/Test/default.cy.ts",
      "beforeHooks": [],
      "afterHooks": [],
      "tests": [],
      "suites": [
        {
          "uuid": "b5bd50c4-6d9b-4f81-b933-fb2eabc31ca7",
          "title": "Default",
          "fullFile": "",
          "file": "",
          "beforeHooks": [],
          "afterHooks": [],
          "tests": [
            {
              "title": "Default",
              "fullTitle": "Default Default",
              "timedOut": null,
              "duration": 31664,
              "state": "failed",
              "speed": null,
              "pass": false,
              "fail": true,
              "pending": false,
              "context": null,
              "code": "cy.visit('https://daft.ie');\ncy.get('[data-testid=\"county-area-filter\"]').type('dublin (county)');\ncy.get('#search-box-item-0').click();\n// cy.get('#login-button').click()",
              "err": {
                "message": "CypressError: Timed out retrying after 30000ms: `cy.type()` failed because this element:\n\n`<input data-hj-whitelist=\"true\" aria-autocomplete=\"list\" aria-labelledby=\"search-box-label\" autocomplete=\"off\" id=\"search-box-input\" placeholder=\"County, City, Town or Area\" data-testid=\"county-area-filter\" style=\"box-sizing: content-box; width: 174px;\" value=\"\">`\n\nis being covered by another element:\n\n`<div id=\"didomi-popup\" class=\"didomi-popup-backdrop didomi-notice-popup didomi-popup__backdrop\">...</div>`\n\nFix this problem, or use {force: true} to disable error checking.\n\nhttps://on.cypress.io/element-cannot-be-interacted-with",
                "estack": "CypressError: Timed out retrying after 30000ms: `cy.type()` failed because this element:\n\n`<input data-hj-whitelist=\"true\" aria-autocomplete=\"list\" aria-labelledby=\"search-box-label\" autocomplete=\"off\" id=\"search-box-input\" placeholder=\"County, City, Town or Area\" data-testid=\"county-area-filter\" style=\"box-sizing: content-box; width: 174px;\" value=\"\">`\n\nis being covered by another element:\n\n`<div id=\"didomi-popup\" class=\"didomi-popup-backdrop didomi-notice-popup didomi-popup__backdrop\">...</div>`\n\nFix this problem, or use {force: true} to disable error checking.\n\nhttps://on.cypress.io/element-cannot-be-interacted-with\n    at ensureIsDescendent (https://www.daft.ie/__cypress/runner/cypress_runner.js:139654:76)\n    at ensureDescendents (https://www.daft.ie/__cypress/runner/cypress_runner.js:139705:5)\n    at ensureDescendentsAndScroll (https://www.daft.ie/__cypress/runner/cypress_runner.js:139711:14)\n    at ensureElIsNotCovered (https://www.daft.ie/__cypress/runner/cypress_runner.js:139842:5)\n    at runAllChecks (https://www.daft.ie/__cypress/runner/cypress_runner.js:140022:52)\n    at retryActionability (https://www.daft.ie/__cypress/runner/cypress_runner.js:140059:16)\n    at tryCatcher (https://www.daft.ie/__cypress/runner/cypress_runner.js:18744:23)\n    at Promise.attempt.Promise.try (https://www.daft.ie/__cypress/runner/cypress_runner.js:16018:29)\n    at whenStable (https://www.daft.ie/__cypress/runner/cypress_runner.js:156173:65)\n    at <unknown> (https://www.daft.ie/__cypress/runner/cypress_runner.js:155614:14)\n    at tryCatcher (https://www.daft.ie/__cypress/runner/cypress_runner.js:18744:23)\n    at Promise._settlePromiseFromHandler (https://www.daft.ie/__cypress/runner/cypress_runner.js:16679:31)\n    at Promise._settlePromise (https://www.daft.ie/__cypress/runner/cypress_runner.js:16736:18)\n    at Promise._settlePromise0 (https://www.daft.ie/__cypress/runner/cypress_runner.js:16781:10)\n    at Promise._settlePromises (https://www.daft.ie/__cypress/runner/cypress_runner.js:16861:18)\n    at Promise._fulfill (https://www.daft.ie/__cypress/runner/cypress_runner.js:16805:18)\n    at <unknown> (https://www.daft.ie/__cypress/runner/cypress_runner.js:18419:46)\nFrom Your Spec Code:\n    at Context.eval (webpack:///./cypress/e2e/Test/default.cy.ts:4:0)",
                "diff": null
              },
              "uuid": "f98ad113-68f2-411c-960b-0516d936c6cc",
              "parentUUID": "b5bd50c4-6d9b-4f81-b933-fb2eabc31ca7",
              "isHook": false,
              "skipped": false
            }
          ],
          "suites": [],
          "passes": [],
          "failures": [
            "f98ad113-68f2-411c-960b-0516d936c6cc"
          ],
          "pending": [],
          "skipped": [],
          "duration": 31664,
          "root": false,
          "rootEmpty": false,
          "_timeout": 2000
        }
      ],
      "passes": [],
      "failures": [],
      "pending": [],
      "skipped": [],
      "duration": 0,
      "root": true,
      "rootEmpty": true,
      "_timeout": 2000
    }
  ],
  "meta": {
    "mocha": {
      "version": "7.0.1"
    },
    "mochawesome": {
      "options": {
        "quiet": true,
        "reportFilename": "mochawesome",
        "saveHtml": true,
        "saveJson": true,
        "consoleReporter": "spec",
        "useInlineDiffs": false,
        "code": true
      },
      "version": "7.1.3"
    },
    "marge": {
      "options": {
        "id": "default",
        "reportDir": "cypress/reports/mocha",
        "quiet": true,
        "overwrite": false,
        "html": true,
        "json": true
      },
      "version": "6.2.0"
    }
  }
}