{
  "stats": {
    "suites": 1,
    "tests": 1,
    "passes": 1,
    "pending": 0,
    "failures": 0,
    "start": "2024-02-28T08:48:46.566Z",
    "end": "2024-02-28T08:48:48.975Z",
    "duration": 2409,
    "testsRegistered": 1,
    "passPercent": 100,
    "pendingPercent": 0,
    "other": 0,
    "hasOther": false,
    "skipped": 0,
    "hasSkipped": false
  },
  "results": [
    {
      "uuid": "fcd72d37-b7b7-431a-bfdb-ccfb56bd436f",
      "title": "",
      "fullFile": "cypress/e2e/Test/default.cy.ts",
      "file": "cypress/e2e/Test/default.cy.ts",
      "beforeHooks": [],
      "afterHooks": [],
      "tests": [],
      "suites": [
        {
          "uuid": "6e7cbed7-1b1c-49ee-bef0-4e421e7cdc93",
          "title": "Default",
          "fullFile": "",
          "file": "",
          "beforeHooks": [],
          "afterHooks": [],
          "tests": [
            {
              "title": "Default",
              "fullTitle": "Default Default",
              "timedOut": null,
              "duration": 1294,
              "state": "passed",
              "speed": "fast",
              "pass": true,
              "fail": false,
              "pending": false,
              "context": null,
              "code": "cy.visit('https://daft.ie');",
              "err": {},
              "uuid": "dcca5eb5-5669-4829-a785-0c1646c393ca",
              "parentUUID": "6e7cbed7-1b1c-49ee-bef0-4e421e7cdc93",
              "isHook": false,
              "skipped": false
            }
          ],
          "suites": [],
          "passes": [
            "dcca5eb5-5669-4829-a785-0c1646c393ca"
          ],
          "failures": [],
          "pending": [],
          "skipped": [],
          "duration": 1294,
          "root": false,
          "rootEmpty": false,
          "_timeout": 2000
        }
      ],
      "passes": [],
      "failures": [],
      "pending": [],
      "skipped": [],
      "duration": 0,
      "root": true,
      "rootEmpty": true,
      "_timeout": 2000
    }
  ],
  "meta": {
    "mocha": {
      "version": "7.0.1"
    },
    "mochawesome": {
      "options": {
        "quiet": true,
        "reportFilename": "mochawesome",
        "saveHtml": true,
        "saveJson": true,
        "consoleReporter": "spec",
        "useInlineDiffs": false,
        "code": true
      },
      "version": "7.1.3"
    },
    "marge": {
      "options": {
        "id": "default",
        "reportDir": "cypress/reports/mocha",
        "quiet": true,
        "overwrite": false,
        "html": true,
        "json": true
      },
      "version": "6.2.0"
    }
  }
}