{
  "stats": {
    "suites": 1,
    "tests": 1,
    "passes": 0,
    "pending": 0,
    "failures": 1,
    "start": "2024-02-28T08:39:05.076Z",
    "end": "2024-02-28T08:39:05.302Z",
    "duration": 226,
    "testsRegistered": 1,
    "passPercent": 0,
    "pendingPercent": 0,
    "other": 0,
    "hasOther": false,
    "skipped": 0,
    "hasSkipped": false
  },
  "results": [
    {
      "uuid": "ad9b2864-7310-4371-a2b1-9b73eb65f74d",
      "title": "",
      "fullFile": "cypress/e2e/Test/default.cy.ts",
      "file": "cypress/e2e/Test/default.cy.ts",
      "beforeHooks": [],
      "afterHooks": [],
      "tests": [],
      "suites": [
        {
          "uuid": "38e2acac-0004-4c7a-95e2-bf4efd5219eb",
          "title": "Default",
          "fullFile": "",
          "file": "",
          "beforeHooks": [],
          "afterHooks": [],
          "tests": [
            {
              "title": "Default",
              "fullTitle": "Default Default",
              "timedOut": null,
              "duration": 200,
              "state": "failed",
              "speed": null,
              "pass": false,
              "fail": true,
              "pending": false,
              "context": null,
              "code": "cy.visit(_support_helpers__WEBPACK_IMPORTED_MODULE_0__[\"routes\"].envs[_support_helpers__WEBPACK_IMPORTED_MODULE_0__[\"env\"]].baseUrl); // Output: https://www.saucedemo.com/v1/index.html\n// Visits \"baseUrl + commonPaths.inventory\"\ncy.visit(_support_helpers__WEBPACK_IMPORTED_MODULE_0__[\"routes\"].envs[_support_helpers__WEBPACK_IMPORTED_MODULE_0__[\"env\"]].baseUrl + _support_helpers__WEBPACK_IMPORTED_MODULE_0__[\"routes\"].commonPaths.inventory);",
              "err": {
                "message": "TypeError: Cannot read properties of undefined (reading 'staging')",
                "estack": "TypeError: Cannot read properties of undefined (reading 'staging')\n    at Context.eval (webpack:///./cypress/e2e/Test/default.cy.ts:4:29)",
                "diff": null
              },
              "uuid": "aeba22b2-60fa-4207-bbf7-c51b1e088b6c",
              "parentUUID": "38e2acac-0004-4c7a-95e2-bf4efd5219eb",
              "isHook": false,
              "skipped": false
            }
          ],
          "suites": [],
          "passes": [],
          "failures": [
            "aeba22b2-60fa-4207-bbf7-c51b1e088b6c"
          ],
          "pending": [],
          "skipped": [],
          "duration": 200,
          "root": false,
          "rootEmpty": false,
          "_timeout": 2000
        }
      ],
      "passes": [],
      "failures": [],
      "pending": [],
      "skipped": [],
      "duration": 0,
      "root": true,
      "rootEmpty": true,
      "_timeout": 2000
    }
  ],
  "meta": {
    "mocha": {
      "version": "7.0.1"
    },
    "mochawesome": {
      "options": {
        "quiet": true,
        "reportFilename": "mochawesome",
        "saveHtml": true,
        "saveJson": true,
        "consoleReporter": "spec",
        "useInlineDiffs": false,
        "code": true
      },
      "version": "7.1.3"
    },
    "marge": {
      "options": {
        "id": "default",
        "reportDir": "cypress/reports/mocha",
        "quiet": true,
        "overwrite": false,
        "html": true,
        "json": true
      },
      "version": "6.2.0"
    }
  }
}